This file contains any messages produced by compilers while
running configure, to aid debugging if configure makes a mistake.

It was created by Protocol Buffers configure 2.6.1, which was
generated by GNU Autoconf 2.69.  Invocation command line was

  $ ./configure 

## --------- ##
## Platform. ##
## --------- ##

hostname = Shens-MacBook-Pro.local
uname -m = x86_64
uname -r = 18.0.0
uname -s = Darwin
uname -v = Darwin Kernel Version 18.0.0: Wed Aug 22 20:13:40 PDT 2018; root:xnu-4903.201.2~1/RELEASE_X86_64

/usr/bin/uname -p = i386
/bin/uname -X     = unknown

/bin/arch              = unknown
/usr/bin/arch -k       = unknown
/usr/convex/getsysinfo = unknown
/usr/bin/hostinfo      = Mach kernel version:
	 Darwin Kernel Version 18.0.0: Wed Aug 22 20:13:40 PDT 2018; root:xnu-4903.201.2~1/RELEASE_X86_64
Kernel configured for up to 12 processors.
6 processors are physically available.
12 processors are logically available.
Processor type: x86_64h (Intel x86-64h Haswell)
Processors active: 0 1 2 3 4 5 6 7 8 9 10 11
Primary memory available: 16.00 gigabytes
Default processor set: 360 tasks, 1399 threads, 12 processors
Load average: 4.14, Mach factor: 8.30
/bin/machine           = unknown
/usr/bin/oslevel       = unknown
/bin/universe          = unknown

PATH: /usr/local/bin
PATH: /usr/bin
PATH: /bin
PATH: /usr/sbin
PATH: /sbin


## ----------- ##
## Core tests. ##
## ----------- ##

configure:2491: checking whether to enable maintainer-specific portions of Makefiles
configure:2500: result: yes
configure:2561: checking build system type
configure:2575: result: x86_64-apple-darwin18.0.0
configure:2595: checking host system type
configure:2608: result: x86_64-apple-darwin18.0.0
configure:2628: checking target system type
configure:2641: result: x86_64-apple-darwin18.0.0
configure:2684: checking for a BSD-compatible install
configure:2752: result: /usr/bin/install -c
configure:2763: checking whether build environment is sane
configure:2818: result: yes
configure:2969: checking for a thread-safe mkdir -p
configure:3008: result: ./install-sh -c -d
configure:3015: checking for gawk
configure:3045: result: no
configure:3015: checking for mawk
configure:3045: result: no
configure:3015: checking for nawk
configure:3045: result: no
configure:3015: checking for awk
configure:3031: found /usr/bin/awk
configure:3042: result: awk
configure:3053: checking whether make sets $(MAKE)
configure:3075: result: yes
configure:3104: checking whether make supports nested variables
configure:3121: result: yes
configure:3315: checking for gcc
configure:3331: found /usr/bin/gcc
configure:3342: result: gcc
configure:3571: checking for C compiler version
configure:3580: gcc --version >&5
Apple LLVM version 9.0.0 (clang-900.0.39.2)
Target: x86_64-apple-darwin18.0.0
Thread model: posix
InstalledDir: /Applications/Xcode.app/Contents/Developer/Toolchains/XcodeDefault.xctoolchain/usr/bin
Configured with: --prefix=/Applications/Xcode.app/Contents/Developer/usr --with-gxx-include-dir=/Applications/Xcode.app/Contents/Developer/Platforms/MacOSX.platform/Developer/SDKs/MacOSX10.13.sdk/usr/include/c++/4.2.1
configure:3591: $? = 0
configure:3580: gcc -v >&5
Configured with: --prefix=/Applications/Xcode.app/Contents/Developer/usr --with-gxx-include-dir=/Applications/Xcode.app/Contents/Developer/Platforms/MacOSX.platform/Developer/SDKs/MacOSX10.13.sdk/usr/include/c++/4.2.1
Apple LLVM version 9.0.0 (clang-900.0.39.2)
Target: x86_64-apple-darwin18.0.0
Thread model: posix
InstalledDir: /Applications/Xcode.app/Contents/Developer/Toolchains/XcodeDefault.xctoolchain/usr/bin
configure:3591: $? = 0
configure:3580: gcc -V >&5
clang: error: argument to '-V' is missing (expected 1 value)
clang: error: no input files
configure:3591: $? = 1
configure:3580: gcc -qversion >&5
clang: error: unknown argument: '-qversion'
clang: error: no input files
configure:3591: $? = 1
configure:3611: checking whether the C compiler works
configure:3633: gcc    conftest.c  >&5
configure:3637: $? = 0
configure:3685: result: yes
configure:3688: checking for C compiler default output file name
configure:3690: result: a.out
configure:3696: checking for suffix of executables
configure:3703: gcc -o conftest    conftest.c  >&5
configure:3707: $? = 0
configure:3729: result: 
configure:3751: checking whether we are cross compiling
configure:3759: gcc -o conftest    conftest.c  >&5
configure:3763: $? = 0
configure:3770: ./conftest
configure:3774: $? = 0
configure:3789: result: no
configure:3794: checking for suffix of object files
configure:3816: gcc -c   conftest.c >&5
configure:3820: $? = 0
configure:3841: result: o
configure:3845: checking whether we are using the GNU C compiler
configure:3864: gcc -c   conftest.c >&5
configure:3864: $? = 0
configure:3873: result: yes
configure:3882: checking whether gcc accepts -g
configure:3902: gcc -c -g  conftest.c >&5
configure:3902: $? = 0
configure:3943: result: yes
configure:3960: checking for gcc option to accept ISO C89
configure:4023: gcc  -c   conftest.c >&5
configure:4023: $? = 0
configure:4036: result: none needed
configure:4061: checking whether gcc understands -c and -o together
configure:4083: gcc -c conftest.c -o conftest2.o
configure:4086: $? = 0
configure:4083: gcc -c conftest.c -o conftest2.o
configure:4086: $? = 0
configure:4098: result: yes
configure:4118: checking whether make supports the include directive
configure:4133: make -f confmf.GNU && cat confinc.out
this is the am__doit target
configure:4136: $? = 0
configure:4155: result: yes (GNU style)
configure:4180: checking dependency style of gcc
configure:4291: result: gcc3
configure:4364: checking for g++
configure:4380: found /usr/bin/g++
configure:4391: result: g++
configure:4418: checking for C++ compiler version
configure:4427: g++ --version >&5
Apple LLVM version 9.0.0 (clang-900.0.39.2)
Target: x86_64-apple-darwin18.0.0
Thread model: posix
InstalledDir: /Applications/Xcode.app/Contents/Developer/Toolchains/XcodeDefault.xctoolchain/usr/bin
Configured with: --prefix=/Applications/Xcode.app/Contents/Developer/usr --with-gxx-include-dir=/Applications/Xcode.app/Contents/Developer/Platforms/MacOSX.platform/Developer/SDKs/MacOSX10.13.sdk/usr/include/c++/4.2.1
configure:4438: $? = 0
configure:4427: g++ -v >&5
Configured with: --prefix=/Applications/Xcode.app/Contents/Developer/usr --with-gxx-include-dir=/Applications/Xcode.app/Contents/Developer/Platforms/MacOSX.platform/Developer/SDKs/MacOSX10.13.sdk/usr/include/c++/4.2.1
Apple LLVM version 9.0.0 (clang-900.0.39.2)
Target: x86_64-apple-darwin18.0.0
Thread model: posix
InstalledDir: /Applications/Xcode.app/Contents/Developer/Toolchains/XcodeDefault.xctoolchain/usr/bin
configure:4438: $? = 0
configure:4427: g++ -V >&5
clang: error: argument to '-V' is missing (expected 1 value)
clang: error: no input files
configure:4438: $? = 1
configure:4427: g++ -qversion >&5
clang: error: unknown argument: '-qversion'
clang: error: no input files
configure:4438: $? = 1
configure:4442: checking whether we are using the GNU C++ compiler
configure:4461: g++ -c   conftest.cpp >&5
configure:4461: $? = 0
configure:4470: result: yes
configure:4479: checking whether g++ accepts -g
configure:4499: g++ -c -g  conftest.cpp >&5
configure:4499: $? = 0
configure:4540: result: yes
configure:4565: checking dependency style of g++
configure:4676: result: gcc3
configure:4703: checking how to run the C++ preprocessor
configure:4730: g++ -E  conftest.cpp
configure:4730: $? = 0
configure:4744: g++ -E  conftest.cpp
conftest.cpp:11:10: fatal error: 'ac_nonexistent.h' file not found
#include <ac_nonexistent.h>
         ^~~~~~~~~~~~~~~~~~
1 error generated.
configure:4744: $? = 1
configure: failed program was:
| /* confdefs.h */
| #define PACKAGE_NAME "Protocol Buffers"
| #define PACKAGE_TARNAME "protobuf"
| #define PACKAGE_VERSION "2.6.1"
| #define PACKAGE_STRING "Protocol Buffers 2.6.1"
| #define PACKAGE_BUGREPORT "protobuf@googlegroups.com"
| #define PACKAGE_URL ""
| #define PACKAGE "protobuf"
| #define VERSION "2.6.1"
| /* end confdefs.h.  */
| #include <ac_nonexistent.h>
configure:4769: result: g++ -E
configure:4789: g++ -E  conftest.cpp
configure:4789: $? = 0
configure:4803: g++ -E  conftest.cpp
conftest.cpp:11:10: fatal error: 'ac_nonexistent.h' file not found
#include <ac_nonexistent.h>
         ^~~~~~~~~~~~~~~~~~
1 error generated.
configure:4803: $? = 1
configure: failed program was:
| /* confdefs.h */
| #define PACKAGE_NAME "Protocol Buffers"
| #define PACKAGE_TARNAME "protobuf"
| #define PACKAGE_VERSION "2.6.1"
| #define PACKAGE_STRING "Protocol Buffers 2.6.1"
| #define PACKAGE_BUGREPORT "protobuf@googlegroups.com"
| #define PACKAGE_URL ""
| #define PACKAGE "protobuf"
| #define VERSION "2.6.1"
| /* end confdefs.h.  */
| #include <ac_nonexistent.h>
configure:4832: checking for grep that handles long lines and -e
configure:4890: result: /usr/bin/grep
configure:4895: checking for egrep
configure:4957: result: /usr/bin/grep -E
configure:4962: checking for ANSI C header files
configure:4982: g++ -c   conftest.cpp >&5
configure:4982: $? = 0
configure:5055: g++ -o conftest    conftest.cpp  >&5
configure:5055: $? = 0
configure:5055: ./conftest
configure:5055: $? = 0
configure:5066: result: yes
configure:5079: checking for sys/types.h
configure:5079: g++ -c   conftest.cpp >&5
configure:5079: $? = 0
configure:5079: result: yes
configure:5079: checking for sys/stat.h
configure:5079: g++ -c   conftest.cpp >&5
configure:5079: $? = 0
configure:5079: result: yes
configure:5079: checking for stdlib.h
configure:5079: g++ -c   conftest.cpp >&5
configure:5079: $? = 0
configure:5079: result: yes
configure:5079: checking for string.h
configure:5079: g++ -c   conftest.cpp >&5
configure:5079: $? = 0
configure:5079: result: yes
configure:5079: checking for memory.h
configure:5079: g++ -c   conftest.cpp >&5
configure:5079: $? = 0
configure:5079: result: yes
configure:5079: checking for strings.h
configure:5079: g++ -c   conftest.cpp >&5
configure:5079: $? = 0
configure:5079: result: yes
configure:5079: checking for inttypes.h
configure:5079: g++ -c   conftest.cpp >&5
configure:5079: $? = 0
configure:5079: result: yes
configure:5079: checking for stdint.h
configure:5079: g++ -c   conftest.cpp >&5
configure:5079: $? = 0
configure:5079: result: yes
configure:5079: checking for unistd.h
configure:5079: g++ -c   conftest.cpp >&5
configure:5079: $? = 0
configure:5079: result: yes
configure:5092: checking minix/config.h usability
configure:5092: g++ -c   conftest.cpp >&5
conftest.cpp:54:10: fatal error: 'minix/config.h' file not found
#include <minix/config.h>
         ^~~~~~~~~~~~~~~~
1 error generated.
configure:5092: $? = 1
configure: failed program was:
| /* confdefs.h */
| #define PACKAGE_NAME "Protocol Buffers"
| #define PACKAGE_TARNAME "protobuf"
| #define PACKAGE_VERSION "2.6.1"
| #define PACKAGE_STRING "Protocol Buffers 2.6.1"
| #define PACKAGE_BUGREPORT "protobuf@googlegroups.com"
| #define PACKAGE_URL ""
| #define PACKAGE "protobuf"
| #define VERSION "2.6.1"
| #define STDC_HEADERS 1
| #define HAVE_SYS_TYPES_H 1
| #define HAVE_SYS_STAT_H 1
| #define HAVE_STDLIB_H 1
| #define HAVE_STRING_H 1
| #define HAVE_MEMORY_H 1
| #define HAVE_STRINGS_H 1
| #define HAVE_INTTYPES_H 1
| #define HAVE_STDINT_H 1
| #define HAVE_UNISTD_H 1
| /* end confdefs.h.  */
| #include <stdio.h>
| #ifdef HAVE_SYS_TYPES_H
| # include <sys/types.h>
| #endif
| #ifdef HAVE_SYS_STAT_H
| # include <sys/stat.h>
| #endif
| #ifdef STDC_HEADERS
| # include <stdlib.h>
| # include <stddef.h>
| #else
| # ifdef HAVE_STDLIB_H
| #  include <stdlib.h>
| # endif
| #endif
| #ifdef HAVE_STRING_H
| # if !defined STDC_HEADERS && defined HAVE_MEMORY_H
| #  include <memory.h>
| # endif
| # include <string.h>
| #endif
| #ifdef HAVE_STRINGS_H
| # include <strings.h>
| #endif
| #ifdef HAVE_INTTYPES_H
| # include <inttypes.h>
| #endif
| #ifdef HAVE_STDINT_H
| # include <stdint.h>
| #endif
| #ifdef HAVE_UNISTD_H
| # include <unistd.h>
| #endif
| #include <minix/config.h>
configure:5092: result: no
configure:5092: checking minix/config.h presence
configure:5092: g++ -E  conftest.cpp
conftest.cpp:21:10: fatal error: 'minix/config.h' file not found
#include <minix/config.h>
         ^~~~~~~~~~~~~~~~
1 error generated.
configure:5092: $? = 1
configure: failed program was:
| /* confdefs.h */
| #define PACKAGE_NAME "Protocol Buffers"
| #define PACKAGE_TARNAME "protobuf"
| #define PACKAGE_VERSION "2.6.1"
| #define PACKAGE_STRING "Protocol Buffers 2.6.1"
| #define PACKAGE_BUGREPORT "protobuf@googlegroups.com"
| #define PACKAGE_URL ""
| #define PACKAGE "protobuf"
| #define VERSION "2.6.1"
| #define STDC_HEADERS 1
| #define HAVE_SYS_TYPES_H 1
| #define HAVE_SYS_STAT_H 1
| #define HAVE_STDLIB_H 1
| #define HAVE_STRING_H 1
| #define HAVE_MEMORY_H 1
| #define HAVE_STRINGS_H 1
| #define HAVE_INTTYPES_H 1
| #define HAVE_STDINT_H 1
| #define HAVE_UNISTD_H 1
| /* end confdefs.h.  */
| #include <minix/config.h>
configure:5092: result: no
configure:5092: checking for minix/config.h
configure:5092: result: no
configure:5113: checking whether it is safe to define __EXTENSIONS__
configure:5131: g++ -c   conftest.cpp >&5
configure:5131: $? = 0
configure:5138: result: yes
configure:5167: checking C++ compiler flags...
configure:5183: result: use default: -O2  -g -DNDEBUG
configure:5203: checking whether __SUNPRO_CC is declared
configure:5203: g++ -c  -g -DNDEBUG  conftest.cpp >&5
conftest.cpp:64:10: error: use of undeclared identifier '__SUNPRO_CC'
  (void) __SUNPRO_CC;
         ^
1 error generated.
configure:5203: $? = 1
configure: failed program was:
| /* confdefs.h */
| #define PACKAGE_NAME "Protocol Buffers"
| #define PACKAGE_TARNAME "protobuf"
| #define PACKAGE_VERSION "2.6.1"
| #define PACKAGE_STRING "Protocol Buffers 2.6.1"
| #define PACKAGE_BUGREPORT "protobuf@googlegroups.com"
| #define PACKAGE_URL ""
| #define PACKAGE "protobuf"
| #define VERSION "2.6.1"
| #define STDC_HEADERS 1
| #define HAVE_SYS_TYPES_H 1
| #define HAVE_SYS_STAT_H 1
| #define HAVE_STDLIB_H 1
| #define HAVE_STRING_H 1
| #define HAVE_MEMORY_H 1
| #define HAVE_STRINGS_H 1
| #define HAVE_INTTYPES_H 1
| #define HAVE_STDINT_H 1
| #define HAVE_UNISTD_H 1
| #define __EXTENSIONS__ 1
| #define _ALL_SOURCE 1
| #define _GNU_SOURCE 1
| #define _POSIX_PTHREAD_SEMANTICS 1
| #define _TANDEM_SOURCE 1
| /* end confdefs.h.  */
| #include <stdio.h>
| #ifdef HAVE_SYS_TYPES_H
| # include <sys/types.h>
| #endif
| #ifdef HAVE_SYS_STAT_H
| # include <sys/stat.h>
| #endif
| #ifdef STDC_HEADERS
| # include <stdlib.h>
| # include <stddef.h>
| #else
| # ifdef HAVE_STDLIB_H
| #  include <stdlib.h>
| # endif
| #endif
| #ifdef HAVE_STRING_H
| # if !defined STDC_HEADERS && defined HAVE_MEMORY_H
| #  include <memory.h>
| # endif
| # include <string.h>
| #endif
| #ifdef HAVE_STRINGS_H
| # include <strings.h>
| #endif
| #ifdef HAVE_INTTYPES_H
| # include <inttypes.h>
| #endif
| #ifdef HAVE_STDINT_H
| # include <stdint.h>
| #endif
| #ifdef HAVE_UNISTD_H
| # include <unistd.h>
| #endif
| int
| main ()
| {
| #ifndef __SUNPRO_CC
| #ifdef __cplusplus
|   (void) __SUNPRO_CC;
| #else
|   (void) __SUNPRO_CC;
| #endif
| #endif
| 
|   ;
|   return 0;
| }
configure:5203: result: no
configure:5378: checking how to print strings
configure:5405: result: printf
configure:5426: checking for a sed that does not truncate output
configure:5490: result: /usr/bin/sed
configure:5508: checking for fgrep
configure:5570: result: /usr/bin/grep -F
configure:5605: checking for ld used by gcc
configure:5672: result: /Applications/Xcode.app/Contents/Developer/Toolchains/XcodeDefault.xctoolchain/usr/bin/ld
configure:5679: checking if the linker (/Applications/Xcode.app/Contents/Developer/Toolchains/XcodeDefault.xctoolchain/usr/bin/ld) is GNU ld
configure:5694: result: no
configure:5706: checking for BSD- or MS-compatible name lister (nm)
configure:5760: result: /usr/bin/nm -B
configure:5890: checking the name lister (/usr/bin/nm -B) interface
configure:5897: g++ -c  -g -DNDEBUG  conftest.cpp >&5
configure:5900: /usr/bin/nm -B "conftest.o"
configure:5903: output
00000000000001d4 S _some_variable
configure:5910: result: BSD nm
configure:5913: checking whether ln -s works
configure:5917: result: yes
configure:5925: checking the maximum length of command line arguments
configure:6056: result: 196608
configure:6104: checking how to convert x86_64-apple-darwin18.0.0 file names to x86_64-apple-darwin18.0.0 format
configure:6144: result: func_convert_file_noop
configure:6151: checking how to convert x86_64-apple-darwin18.0.0 file names to toolchain format
configure:6171: result: func_convert_file_noop
configure:6178: checking for /Applications/Xcode.app/Contents/Developer/Toolchains/XcodeDefault.xctoolchain/usr/bin/ld option to reload object files
configure:6185: result: -r
configure:6259: checking for objdump
configure:6275: found /usr/bin/objdump
configure:6286: result: objdump
configure:6318: checking how to recognize dependent libraries
configure:6518: result: pass_all
configure:6603: checking for dlltool
configure:6633: result: no
configure:6663: checking how to associate runtime and link libraries
configure:6690: result: printf %s\n
configure:6750: checking for ar
configure:6766: found /usr/bin/ar
configure:6777: result: ar
configure:6814: checking for archiver @FILE support
configure:6831: g++ -c  -g -DNDEBUG  conftest.cpp >&5
configure:6831: $? = 0
configure:6834: ar cru libconftest.a @conftest.lst >&5
ar: @conftest.lst: No such file or directory
configure:6837: $? = 1
configure:6857: result: no
configure:6915: checking for strip
configure:6931: found /usr/bin/strip
configure:6942: result: strip
configure:7014: checking for ranlib
configure:7030: found /usr/bin/ranlib
configure:7041: result: ranlib
configure:7143: checking command to parse /usr/bin/nm -B output from gcc object
configure:7296: g++ -c  -g -DNDEBUG  conftest.cpp >&5
configure:7299: $? = 0
configure:7303: /usr/bin/nm -B conftest.o \| sed -n -e 's/^.*[ ]\([BCDEGRST][BCDEGRST]*\)[ ][ ]*\([_A-Za-z][_A-Za-z0-9]*\)$/\1 \2 \2/p' | sed '/ __gnu_lto/d' \> conftest.nm
configure:7306: $? = 0
cannot find nm_test_var in conftest.nm
configure:7296: g++ -c  -g -DNDEBUG  conftest.cpp >&5
configure:7299: $? = 0
configure:7303: /usr/bin/nm -B conftest.o \| sed -n -e 's/^.*[ ]\([BCDEGRST][BCDEGRST]*\)[ ][ ]*_\([_A-Za-z][_A-Za-z0-9]*\)$/\1 _\2 \2/p' | sed '/ __gnu_lto/d' \> conftest.nm
configure:7306: $? = 0
configure:7372: g++ -o conftest  -g -DNDEBUG   conftest.cpp conftstm.o >&5
configure:7375: $? = 0
configure:7413: result: ok
configure:7460: checking for sysroot
configure:7490: result: no
configure:7497: checking for a working dd
configure:7535: result: /bin/dd
configure:7539: checking how to truncate binary pipes
configure:7554: result: /bin/dd bs=4096 count=1
configure:7884: checking for mt
configure:7914: result: no
configure:7934: checking if : is a manifest tool
configure:7940: : '-?'
configure:7948: result: no
configure:8004: checking for dsymutil
configure:8020: found /usr/bin/dsymutil
configure:8031: result: dsymutil
configure:8096: checking for nmedit
configure:8112: found /usr/bin/nmedit
configure:8123: result: nmedit
configure:8188: checking for lipo
configure:8204: found /usr/bin/lipo
configure:8215: result: lipo
configure:8280: checking for otool
configure:8296: found /usr/bin/otool
configure:8307: result: otool
configure:8372: checking for otool64
configure:8402: result: no
configure:8447: checking for -single_module linker flag
gcc   -o libconftest.dylib -dynamiclib -Wl,-single_module conftest.c
configure:8480: result: yes
configure:8483: checking for -exported_symbols_list linker flag
configure:8503: g++ -o conftest  -g -DNDEBUG   -Wl,-exported_symbols_list,conftest.sym conftest.cpp  >&5
configure:8503: $? = 0
configure:8513: result: yes
configure:8516: checking for -force_load linker flag
gcc  -c -o conftest.o conftest.c
ar cru libconftest.a conftest.o
ranlib libconftest.a
gcc   -o conftest conftest.c -Wl,-force_load,./libconftest.a
configure:8548: result: yes
configure:8622: checking for dlfcn.h
configure:8622: g++ -c  -g -DNDEBUG  conftest.cpp >&5
configure:8622: $? = 0
configure:8622: result: yes
configure:8888: checking for objdir
configure:8903: result: .libs
configure:9167: checking if gcc supports -fno-rtti -fno-exceptions
configure:9185: gcc -c   -fno-rtti -fno-exceptions conftest.c >&5
configure:9189: $? = 0
configure:9202: result: yes
configure:9560: checking for gcc option to produce PIC
configure:9567: result: -fno-common -DPIC
configure:9575: checking if gcc PIC flag -fno-common -DPIC works
configure:9593: gcc -c   -fno-common -DPIC -DPIC conftest.c >&5
configure:9597: $? = 0
configure:9610: result: yes
configure:9639: checking if gcc static flag -static works
configure:9667: result: no
configure:9682: checking if gcc supports -c -o file.o
configure:9703: gcc -c   -o out/conftest2.o conftest.c >&5
configure:9707: $? = 0
configure:9729: result: yes
configure:9737: checking if gcc supports -c -o file.o
configure:9784: result: yes
configure:9817: checking whether the gcc linker (/Applications/Xcode.app/Contents/Developer/Toolchains/XcodeDefault.xctoolchain/usr/bin/ld) supports shared libraries
configure:11076: result: yes
configure:11316: checking dynamic linker characteristics
configure:12134: result: darwin18.0.0 dyld
configure:12256: checking how to hardcode library paths into programs
configure:12281: result: immediate
configure:12829: checking whether stripping libraries is possible
configure:12843: result: yes
configure:12869: checking if libtool supports shared libraries
configure:12871: result: yes
configure:12874: checking whether to build shared libraries
configure:12899: result: yes
configure:12902: checking whether to build static libraries
configure:12906: result: yes
configure:12929: checking how to run the C++ preprocessor
configure:12995: result: g++ -E
configure:13015: g++ -E  conftest.cpp
configure:13015: $? = 0
configure:13029: g++ -E  conftest.cpp
conftest.cpp:28:10: fatal error: 'ac_nonexistent.h' file not found
#include <ac_nonexistent.h>
         ^~~~~~~~~~~~~~~~~~
1 error generated.
configure:13029: $? = 1
configure: failed program was:
| /* confdefs.h */
| #define PACKAGE_NAME "Protocol Buffers"
| #define PACKAGE_TARNAME "protobuf"
| #define PACKAGE_VERSION "2.6.1"
| #define PACKAGE_STRING "Protocol Buffers 2.6.1"
| #define PACKAGE_BUGREPORT "protobuf@googlegroups.com"
| #define PACKAGE_URL ""
| #define PACKAGE "protobuf"
| #define VERSION "2.6.1"
| #define STDC_HEADERS 1
| #define HAVE_SYS_TYPES_H 1
| #define HAVE_SYS_STAT_H 1
| #define HAVE_STDLIB_H 1
| #define HAVE_STRING_H 1
| #define HAVE_MEMORY_H 1
| #define HAVE_STRINGS_H 1
| #define HAVE_INTTYPES_H 1
| #define HAVE_STDINT_H 1
| #define HAVE_UNISTD_H 1
| #define __EXTENSIONS__ 1
| #define _ALL_SOURCE 1
| #define _GNU_SOURCE 1
| #define _POSIX_PTHREAD_SEMANTICS 1
| #define _TANDEM_SOURCE 1
| #define HAVE_DLFCN_H 1
| #define LT_OBJDIR ".libs/"
| /* end confdefs.h.  */
| #include <ac_nonexistent.h>
configure:13191: checking for ld used by g++
configure:13258: result: /Applications/Xcode.app/Contents/Developer/Toolchains/XcodeDefault.xctoolchain/usr/bin/ld
configure:13265: checking if the linker (/Applications/Xcode.app/Contents/Developer/Toolchains/XcodeDefault.xctoolchain/usr/bin/ld) is GNU ld
configure:13280: result: no
configure:13335: checking whether the g++ linker (/Applications/Xcode.app/Contents/Developer/Toolchains/XcodeDefault.xctoolchain/usr/bin/ld) supports shared libraries
configure:14408: result: yes
configure:14444: g++ -c  -g -DNDEBUG  conftest.cpp >&5
configure:14447: $? = 0
configure:14928: checking for g++ option to produce PIC
configure:14935: result: -fno-common -DPIC
configure:14943: checking if g++ PIC flag -fno-common -DPIC works
configure:14961: g++ -c  -g -DNDEBUG  -fno-common -DPIC -DPIC conftest.cpp >&5
configure:14965: $? = 0
configure:14978: result: yes
configure:15001: checking if g++ static flag -static works
configure:15029: result: no
configure:15041: checking if g++ supports -c -o file.o
configure:15062: g++ -c  -g -DNDEBUG  -o out/conftest2.o conftest.cpp >&5
configure:15066: $? = 0
configure:15088: result: yes
configure:15093: checking if g++ supports -c -o file.o
configure:15140: result: yes
configure:15170: checking whether the g++ linker (/Applications/Xcode.app/Contents/Developer/Toolchains/XcodeDefault.xctoolchain/usr/bin/ld) supports shared libraries
configure:15210: result: yes
configure:15351: checking dynamic linker characteristics
configure:16096: result: darwin18.0.0 dyld
configure:16161: checking how to hardcode library paths into programs
configure:16186: result: immediate
configure:16249: checking for ANSI C header files
configure:16353: result: yes
configure:16364: checking fcntl.h usability
configure:16364: g++ -c  -g -DNDEBUG  conftest.cpp >&5
configure:16364: $? = 0
configure:16364: result: yes
configure:16364: checking fcntl.h presence
configure:16364: g++ -E  conftest.cpp
configure:16364: $? = 0
configure:16364: result: yes
configure:16364: checking for fcntl.h
configure:16364: result: yes
configure:16364: checking for inttypes.h
configure:16364: result: yes
configure:16364: checking limits.h usability
configure:16364: g++ -c  -g -DNDEBUG  conftest.cpp >&5
configure:16364: $? = 0
configure:16364: result: yes
configure:16364: checking limits.h presence
configure:16364: g++ -E  conftest.cpp
configure:16364: $? = 0
configure:16364: result: yes
configure:16364: checking for limits.h
configure:16364: result: yes
configure:16364: checking for stdlib.h
configure:16364: result: yes
configure:16364: checking for unistd.h
configure:16364: result: yes
configure:16376: checking for working memcmp
configure:16419: g++ -o conftest  -g -DNDEBUG   conftest.cpp  >&5
configure:16419: $? = 0
configure:16419: ./conftest
configure:16419: $? = 0
configure:16429: result: yes
configure:16438: checking for working strtod
configure:16479: g++ -o conftest  -g -DNDEBUG   conftest.cpp  >&5
conftest.cpp:76:20: warning: conversion from string literal to 'char *' is deprecated [-Wc++11-compat-deprecated-writable-strings]
    char *string = " +69";
                   ^
conftest.cpp:87:20: warning: conversion from string literal to 'char *' is deprecated [-Wc++11-compat-deprecated-writable-strings]
    char *string = "NaN";
                   ^
2 warnings generated.
configure:16479: $? = 0
configure:16479: ./conftest
configure:16479: $? = 0
configure:16489: result: yes
configure:16554: checking for ftruncate
configure:16554: g++ -o conftest  -g -DNDEBUG   conftest.cpp  >&5
configure:16554: $? = 0
configure:16554: result: yes
configure:16554: checking for memset
configure:16554: g++ -o conftest  -g -DNDEBUG   conftest.cpp  >&5
configure:16554: $? = 0
configure:16554: result: yes
configure:16554: checking for mkdir
configure:16554: g++ -o conftest  -g -DNDEBUG   conftest.cpp  >&5
configure:16554: $? = 0
configure:16554: result: yes
configure:16554: checking for strchr
configure:16554: g++ -o conftest  -g -DNDEBUG   conftest.cpp  >&5
configure:16554: $? = 0
configure:16554: result: yes
configure:16554: checking for strerror
configure:16554: g++ -o conftest  -g -DNDEBUG   conftest.cpp  >&5
configure:16554: $? = 0
configure:16554: result: yes
configure:16554: checking for strtol
configure:16554: g++ -o conftest  -g -DNDEBUG   conftest.cpp  >&5
configure:16554: $? = 0
configure:16554: result: yes
configure:16568: checking zlib version
configure:16588: g++ -c  -g -DNDEBUG  conftest.cpp >&5
configure:16588: $? = 0
configure:16590: result: ok (1.2.0.4 or later)
configure:16594: checking for library containing zlibVersion
configure:16625: g++ -o conftest  -g -DNDEBUG   conftest.cpp  >&5
Undefined symbols for architecture x86_64:
  "_zlibVersion", referenced from:
      _main in conftest-0b8489.o
ld: symbol(s) not found for architecture x86_64
clang: error: linker command failed with exit code 1 (use -v to see invocation)
configure:16625: $? = 1
configure: failed program was:
| /* confdefs.h */
| #define PACKAGE_NAME "Protocol Buffers"
| #define PACKAGE_TARNAME "protobuf"
| #define PACKAGE_VERSION "2.6.1"
| #define PACKAGE_STRING "Protocol Buffers 2.6.1"
| #define PACKAGE_BUGREPORT "protobuf@googlegroups.com"
| #define PACKAGE_URL ""
| #define PACKAGE "protobuf"
| #define VERSION "2.6.1"
| #define STDC_HEADERS 1
| #define HAVE_SYS_TYPES_H 1
| #define HAVE_SYS_STAT_H 1
| #define HAVE_STDLIB_H 1
| #define HAVE_STRING_H 1
| #define HAVE_MEMORY_H 1
| #define HAVE_STRINGS_H 1
| #define HAVE_INTTYPES_H 1
| #define HAVE_STDINT_H 1
| #define HAVE_UNISTD_H 1
| #define __EXTENSIONS__ 1
| #define _ALL_SOURCE 1
| #define _GNU_SOURCE 1
| #define _POSIX_PTHREAD_SEMANTICS 1
| #define _TANDEM_SOURCE 1
| #define HAVE_DLFCN_H 1
| #define LT_OBJDIR ".libs/"
| #define STDC_HEADERS 1
| #define HAVE_FCNTL_H 1
| #define HAVE_INTTYPES_H 1
| #define HAVE_LIMITS_H 1
| #define HAVE_STDLIB_H 1
| #define HAVE_UNISTD_H 1
| #define HAVE_FTRUNCATE 1
| #define HAVE_MEMSET 1
| #define HAVE_MKDIR 1
| #define HAVE_STRCHR 1
| #define HAVE_STRERROR 1
| #define HAVE_STRTOL 1
| /* end confdefs.h.  */
| 
| /* Override any GCC internal prototype to avoid an error.
|    Use char because int might match the return type of a GCC
|    builtin and then its argument prototype would still apply.  */
| #ifdef __cplusplus
| extern "C"
| #endif
| char zlibVersion ();
| int
| main ()
| {
| return zlibVersion ();
|   ;
|   return 0;
| }
configure:16625: g++ -o conftest  -g -DNDEBUG   conftest.cpp -lz   >&5
configure:16625: $? = 0
configure:16642: result: -lz
configure:16893: checking for the pthreads library -lpthreads
configure:16926: gcc -o conftest     conftest.c -lpthreads -lz  >&5
conftest.c:46:41: warning: null passed to a callee that requires a non-null argument [-Wnonnull]
                     pthread_attr_init(0); pthread_cleanup_push(0, 0);
                                       ~^
conftest.c:47:44: warning: null passed to a callee that requires a non-null argument [-Wnonnull]
                     pthread_create(0,0,0,0); pthread_cleanup_pop(0);
                                    ~      ^
conftest.c:47:44: warning: null passed to a callee that requires a non-null argument [-Wnonnull]
                     pthread_create(0,0,0,0); pthread_cleanup_pop(0);
                                        ~  ^
3 warnings generated.
ld: library not found for -lpthreads
clang: error: linker command failed with exit code 1 (use -v to see invocation)
configure:16926: $? = 1
configure: failed program was:
| /* confdefs.h */
| #define PACKAGE_NAME "Protocol Buffers"
| #define PACKAGE_TARNAME "protobuf"
| #define PACKAGE_VERSION "2.6.1"
| #define PACKAGE_STRING "Protocol Buffers 2.6.1"
| #define PACKAGE_BUGREPORT "protobuf@googlegroups.com"
| #define PACKAGE_URL ""
| #define PACKAGE "protobuf"
| #define VERSION "2.6.1"
| #define STDC_HEADERS 1
| #define HAVE_SYS_TYPES_H 1
| #define HAVE_SYS_STAT_H 1
| #define HAVE_STDLIB_H 1
| #define HAVE_STRING_H 1
| #define HAVE_MEMORY_H 1
| #define HAVE_STRINGS_H 1
| #define HAVE_INTTYPES_H 1
| #define HAVE_STDINT_H 1
| #define HAVE_UNISTD_H 1
| #define __EXTENSIONS__ 1
| #define _ALL_SOURCE 1
| #define _GNU_SOURCE 1
| #define _POSIX_PTHREAD_SEMANTICS 1
| #define _TANDEM_SOURCE 1
| #define HAVE_DLFCN_H 1
| #define LT_OBJDIR ".libs/"
| #define STDC_HEADERS 1
| #define HAVE_FCNTL_H 1
| #define HAVE_INTTYPES_H 1
| #define HAVE_LIMITS_H 1
| #define HAVE_STDLIB_H 1
| #define HAVE_UNISTD_H 1
| #define HAVE_FTRUNCATE 1
| #define HAVE_MEMSET 1
| #define HAVE_MKDIR 1
| #define HAVE_STRCHR 1
| #define HAVE_STRERROR 1
| #define HAVE_STRTOL 1
| #define HAVE_ZLIB 1
| /* end confdefs.h.  */
| #include <pthread.h>
| int
| main ()
| {
| pthread_t th; pthread_join(th, 0);
|                      pthread_attr_init(0); pthread_cleanup_push(0, 0);
|                      pthread_create(0,0,0,0); pthread_cleanup_pop(0);
|   ;
|   return 0;
| }
configure:16935: result: no
configure:16838: checking whether pthreads work without any flags
configure:16926: gcc -o conftest     conftest.c  -lz  >&5
conftest.c:46:41: warning: null passed to a callee that requires a non-null argument [-Wnonnull]
                     pthread_attr_init(0); pthread_cleanup_push(0, 0);
                                       ~^
conftest.c:47:44: warning: null passed to a callee that requires a non-null argument [-Wnonnull]
                     pthread_create(0,0,0,0); pthread_cleanup_pop(0);
                                    ~      ^
conftest.c:47:44: warning: null passed to a callee that requires a non-null argument [-Wnonnull]
                     pthread_create(0,0,0,0); pthread_cleanup_pop(0);
                                        ~  ^
3 warnings generated.
configure:16926: $? = 0
configure:16935: result: yes
configure:16954: checking for joinable pthread attribute
configure:16969: gcc -o conftest     conftest.c  -lz  >&5
configure:16969: $? = 0
configure:16975: result: PTHREAD_CREATE_JOINABLE
configure:16985: checking if more special flags are required for pthreads
configure:16992: result: -D_THREAD_SAFE
configure:17081: checking whether to check for GCC pthread/shared inconsistencies
configure:17094: gcc -o conftest -shared -fPIC -Wl,-z,defs  -D_THREAD_SAFE    conftest.c  -lz  >&5
ld: unknown option: -z
clang: error: linker command failed with exit code 1 (use -v to see invocation)
configure:17094: $? = 1
configure: failed program was:
| /* confdefs.h */
| #define PACKAGE_NAME "Protocol Buffers"
| #define PACKAGE_TARNAME "protobuf"
| #define PACKAGE_VERSION "2.6.1"
| #define PACKAGE_STRING "Protocol Buffers 2.6.1"
| #define PACKAGE_BUGREPORT "protobuf@googlegroups.com"
| #define PACKAGE_URL ""
| #define PACKAGE "protobuf"
| #define VERSION "2.6.1"
| #define STDC_HEADERS 1
| #define HAVE_SYS_TYPES_H 1
| #define HAVE_SYS_STAT_H 1
| #define HAVE_STDLIB_H 1
| #define HAVE_STRING_H 1
| #define HAVE_MEMORY_H 1
| #define HAVE_STRINGS_H 1
| #define HAVE_INTTYPES_H 1
| #define HAVE_STDINT_H 1
| #define HAVE_UNISTD_H 1
| #define __EXTENSIONS__ 1
| #define _ALL_SOURCE 1
| #define _GNU_SOURCE 1
| #define _POSIX_PTHREAD_SEMANTICS 1
| #define _TANDEM_SOURCE 1
| #define HAVE_DLFCN_H 1
| #define LT_OBJDIR ".libs/"
| #define STDC_HEADERS 1
| #define HAVE_FCNTL_H 1
| #define HAVE_INTTYPES_H 1
| #define HAVE_LIMITS_H 1
| #define HAVE_STDLIB_H 1
| #define HAVE_UNISTD_H 1
| #define HAVE_FTRUNCATE 1
| #define HAVE_MEMSET 1
| #define HAVE_MKDIR 1
| #define HAVE_STRCHR 1
| #define HAVE_STRERROR 1
| #define HAVE_STRTOL 1
| #define HAVE_ZLIB 1
| /* end confdefs.h.  */
| 
| int
| main ()
| {
| 
|   ;
|   return 0;
| }
configure:17103: result: no
configure:17222: checking whether what we have so far is sufficient with -nostdlib
configure:17240: gcc -o conftest -nostdlib -shared -fPIC -Wl,-z,defs  -D_THREAD_SAFE    conftest.c  -lz  -lc >&5
conftest.c:46:28: warning: null passed to a callee that requires a non-null argument [-Wnonnull]
               pthread_attr_init(0); pthread_cleanup_push(0, 0);
                                 ~^
conftest.c:47:31: warning: null passed to a callee that requires a non-null argument [-Wnonnull]
               pthread_create(0,0,0,0); pthread_cleanup_pop(0);
                              ~      ^
conftest.c:47:31: warning: null passed to a callee that requires a non-null argument [-Wnonnull]
               pthread_create(0,0,0,0); pthread_cleanup_pop(0);
                                  ~  ^
3 warnings generated.
ld: unknown option: -z
clang: error: linker command failed with exit code 1 (use -v to see invocation)
configure:17240: $? = 1
configure: failed program was:
| /* confdefs.h */
| #define PACKAGE_NAME "Protocol Buffers"
| #define PACKAGE_TARNAME "protobuf"
| #define PACKAGE_VERSION "2.6.1"
| #define PACKAGE_STRING "Protocol Buffers 2.6.1"
| #define PACKAGE_BUGREPORT "protobuf@googlegroups.com"
| #define PACKAGE_URL ""
| #define PACKAGE "protobuf"
| #define VERSION "2.6.1"
| #define STDC_HEADERS 1
| #define HAVE_SYS_TYPES_H 1
| #define HAVE_SYS_STAT_H 1
| #define HAVE_STDLIB_H 1
| #define HAVE_STRING_H 1
| #define HAVE_MEMORY_H 1
| #define HAVE_STRINGS_H 1
| #define HAVE_INTTYPES_H 1
| #define HAVE_STDINT_H 1
| #define HAVE_UNISTD_H 1
| #define __EXTENSIONS__ 1
| #define _ALL_SOURCE 1
| #define _GNU_SOURCE 1
| #define _POSIX_PTHREAD_SEMANTICS 1
| #define _TANDEM_SOURCE 1
| #define HAVE_DLFCN_H 1
| #define LT_OBJDIR ".libs/"
| #define STDC_HEADERS 1
| #define HAVE_FCNTL_H 1
| #define HAVE_INTTYPES_H 1
| #define HAVE_LIMITS_H 1
| #define HAVE_STDLIB_H 1
| #define HAVE_UNISTD_H 1
| #define HAVE_FTRUNCATE 1
| #define HAVE_MEMSET 1
| #define HAVE_MKDIR 1
| #define HAVE_STRCHR 1
| #define HAVE_STRERROR 1
| #define HAVE_STRTOL 1
| #define HAVE_ZLIB 1
| /* end confdefs.h.  */
| #include <pthread.h>
| int
| main ()
| {
| pthread_t th; pthread_join(th, 0);
| 	       pthread_attr_init(0); pthread_cleanup_push(0, 0);
| 	       pthread_create(0,0,0,0); pthread_cleanup_pop(0);
|   ;
|   return 0;
| }
configure:17252: result: no
configure:17257: checking whether -lpthread saves the day
configure:17273: gcc -o conftest -nostdlib -shared -fPIC -Wl,-z,defs  -D_THREAD_SAFE    conftest.c -lpthread  -lz  -lc >&5
conftest.c:46:28: warning: null passed to a callee that requires a non-null argument [-Wnonnull]
               pthread_attr_init(0); pthread_cleanup_push(0, 0);
                                 ~^
conftest.c:47:31: warning: null passed to a callee that requires a non-null argument [-Wnonnull]
               pthread_create(0,0,0,0); pthread_cleanup_pop(0);
                              ~      ^
conftest.c:47:31: warning: null passed to a callee that requires a non-null argument [-Wnonnull]
               pthread_create(0,0,0,0); pthread_cleanup_pop(0);
                                  ~  ^
3 warnings generated.
ld: unknown option: -z
clang: error: linker command failed with exit code 1 (use -v to see invocation)
configure:17273: $? = 1
configure: failed program was:
| /* confdefs.h */
| #define PACKAGE_NAME "Protocol Buffers"
| #define PACKAGE_TARNAME "protobuf"
| #define PACKAGE_VERSION "2.6.1"
| #define PACKAGE_STRING "Protocol Buffers 2.6.1"
| #define PACKAGE_BUGREPORT "protobuf@googlegroups.com"
| #define PACKAGE_URL ""
| #define PACKAGE "protobuf"
| #define VERSION "2.6.1"
| #define STDC_HEADERS 1
| #define HAVE_SYS_TYPES_H 1
| #define HAVE_SYS_STAT_H 1
| #define HAVE_STDLIB_H 1
| #define HAVE_STRING_H 1
| #define HAVE_MEMORY_H 1
| #define HAVE_STRINGS_H 1
| #define HAVE_INTTYPES_H 1
| #define HAVE_STDINT_H 1
| #define HAVE_UNISTD_H 1
| #define __EXTENSIONS__ 1
| #define _ALL_SOURCE 1
| #define _GNU_SOURCE 1
| #define _POSIX_PTHREAD_SEMANTICS 1
| #define _TANDEM_SOURCE 1
| #define HAVE_DLFCN_H 1
| #define LT_OBJDIR ".libs/"
| #define STDC_HEADERS 1
| #define HAVE_FCNTL_H 1
| #define HAVE_INTTYPES_H 1
| #define HAVE_LIMITS_H 1
| #define HAVE_STDLIB_H 1
| #define HAVE_UNISTD_H 1
| #define HAVE_FTRUNCATE 1
| #define HAVE_MEMSET 1
| #define HAVE_MKDIR 1
| #define HAVE_STRCHR 1
| #define HAVE_STRERROR 1
| #define HAVE_STRTOL 1
| #define HAVE_ZLIB 1
| /* end confdefs.h.  */
| #include <pthread.h>
| int
| main ()
| {
| pthread_t th; pthread_join(th, 0);
| 	       pthread_attr_init(0); pthread_cleanup_push(0, 0);
| 	       pthread_create(0,0,0,0); pthread_cleanup_pop(0);
|   ;
|   return 0;
| }
configure:17286: result: no
configure:17288: WARNING: Impossible to determine how to use pthreads with shared libraries and -nostdlib
configure:17322: checking the location of hash_map
configure:17348: g++ -c  -g -DNDEBUG  conftest.cpp >&5
configure:17348: $? = 0
configure:17370: g++ -c  -g -DNDEBUG  conftest.cpp >&5
configure:17370: $? = 0
configure:17437: result: <unordered_map>
configure:17452: checking for library containing sched_yield
configure:17483: g++ -o conftest  -g -DNDEBUG   conftest.cpp -lz  >&5
configure:17483: $? = 0
configure:17500: result: none required
configure:17641: checking that generated files are newer than configure
configure:17647: result: done
configure:17686: creating ./config.status

## ---------------------- ##
## Running config.status. ##
## ---------------------- ##

This file was extended by Protocol Buffers config.status 2.6.1, which was
generated by GNU Autoconf 2.69.  Invocation command line was

  CONFIG_FILES    = 
  CONFIG_HEADERS  = 
  CONFIG_LINKS    = 
  CONFIG_COMMANDS = 
  $ ./config.status 

on Shens-MacBook-Pro.local

config.status:1193: creating Makefile
config.status:1193: creating src/Makefile
config.status:1193: creating protobuf.pc
config.status:1193: creating protobuf-lite.pc
config.status:1193: creating config.h
config.status:1422: executing depfiles commands
config.status:1499: cd src       && sed -e '/# am--include-marker/d' Makefile         | make -f - am--depfiles
config.status:1504: $? = 0
config.status:1422: executing libtool commands
configure:20164: === configuring in gtest (/Users/xmandy/Documents/protobuf-2.6.1/gtest)
configure:20227: running /bin/sh ./configure --disable-option-checking '--prefix=/usr/local'  --cache-file=/dev/null --srcdir=.

## ---------------- ##
## Cache variables. ##
## ---------------- ##

ac_cv_build=x86_64-apple-darwin18.0.0
ac_cv_c_compiler_gnu=yes
ac_cv_cxx_compiler_gnu=yes
ac_cv_cxx_hash_map='<unordered_map>'
ac_cv_cxx_hash_map_class=unordered_map
ac_cv_cxx_hash_namespace=std
ac_cv_cxx_hash_set='<unordered_set>'
ac_cv_cxx_hash_set_class=unordered_set
ac_cv_env_CCC_set=
ac_cv_env_CCC_value=
ac_cv_env_CC_set=
ac_cv_env_CC_value=
ac_cv_env_CFLAGS_set=
ac_cv_env_CFLAGS_value=
ac_cv_env_CPPFLAGS_set=
ac_cv_env_CPPFLAGS_value=
ac_cv_env_CXXCPP_set=
ac_cv_env_CXXCPP_value=
ac_cv_env_CXXFLAGS_set=
ac_cv_env_CXXFLAGS_value=
ac_cv_env_CXX_set=
ac_cv_env_CXX_value=
ac_cv_env_LDFLAGS_set=
ac_cv_env_LDFLAGS_value=
ac_cv_env_LIBS_set=
ac_cv_env_LIBS_value=
ac_cv_env_LT_SYS_LIBRARY_PATH_set=
ac_cv_env_LT_SYS_LIBRARY_PATH_value=
ac_cv_env_build_alias_set=
ac_cv_env_build_alias_value=
ac_cv_env_host_alias_set=
ac_cv_env_host_alias_value=
ac_cv_env_target_alias_set=
ac_cv_env_target_alias_value=
ac_cv_func_ftruncate=yes
ac_cv_func_memcmp_working=yes
ac_cv_func_memset=yes
ac_cv_func_mkdir=yes
ac_cv_func_strchr=yes
ac_cv_func_strerror=yes
ac_cv_func_strtod=yes
ac_cv_func_strtol=yes
ac_cv_have_decl___SUNPRO_CC=no
ac_cv_header_dlfcn_h=yes
ac_cv_header_fcntl_h=yes
ac_cv_header_inttypes_h=yes
ac_cv_header_limits_h=yes
ac_cv_header_memory_h=yes
ac_cv_header_minix_config_h=no
ac_cv_header_stdc=yes
ac_cv_header_stdint_h=yes
ac_cv_header_stdlib_h=yes
ac_cv_header_string_h=yes
ac_cv_header_strings_h=yes
ac_cv_header_sys_stat_h=yes
ac_cv_header_sys_types_h=yes
ac_cv_header_unistd_h=yes
ac_cv_host=x86_64-apple-darwin18.0.0
ac_cv_objext=o
ac_cv_path_EGREP='/usr/bin/grep -E'
ac_cv_path_FGREP='/usr/bin/grep -F'
ac_cv_path_GREP=/usr/bin/grep
ac_cv_path_SED=/usr/bin/sed
ac_cv_path_install='/usr/bin/install -c'
ac_cv_path_lt_DD=/bin/dd
ac_cv_prog_AWK=awk
ac_cv_prog_CXXCPP='g++ -E'
ac_cv_prog_ac_ct_AR=ar
ac_cv_prog_ac_ct_CC=gcc
ac_cv_prog_ac_ct_CXX=g++
ac_cv_prog_ac_ct_DSYMUTIL=dsymutil
ac_cv_prog_ac_ct_LIPO=lipo
ac_cv_prog_ac_ct_NMEDIT=nmedit
ac_cv_prog_ac_ct_OBJDUMP=objdump
ac_cv_prog_ac_ct_OTOOL=otool
ac_cv_prog_ac_ct_RANLIB=ranlib
ac_cv_prog_ac_ct_STRIP=strip
ac_cv_prog_cc_c89=
ac_cv_prog_cc_g=yes
ac_cv_prog_cxx_g=yes
ac_cv_prog_make_make_set=yes
ac_cv_safe_to_define___extensions__=yes
ac_cv_search_sched_yield='none required'
ac_cv_search_zlibVersion=-lz
ac_cv_target=x86_64-apple-darwin18.0.0
am_cv_CC_dependencies_compiler_type=gcc3
am_cv_CXX_dependencies_compiler_type=gcc3
am_cv_make_support_nested_variables=yes
am_cv_prog_cc_c_o=yes
lt_cv_apple_cc_single_mod=yes
lt_cv_ar_at_file=no
lt_cv_deplibs_check_method=pass_all
lt_cv_file_magic_cmd='$MAGIC_CMD'
lt_cv_file_magic_test_file=
lt_cv_ld_exported_symbols_list=yes
lt_cv_ld_force_load=yes
lt_cv_ld_reload_flag=-r
lt_cv_nm_interface='BSD nm'
lt_cv_objdir=.libs
lt_cv_path_LD=/Applications/Xcode.app/Contents/Developer/Toolchains/XcodeDefault.xctoolchain/usr/bin/ld
lt_cv_path_LDCXX=/Applications/Xcode.app/Contents/Developer/Toolchains/XcodeDefault.xctoolchain/usr/bin/ld
lt_cv_path_NM='/usr/bin/nm -B'
lt_cv_path_mainfest_tool=no
lt_cv_prog_compiler_c_o=yes
lt_cv_prog_compiler_c_o_CXX=yes
lt_cv_prog_compiler_pic='-fno-common -DPIC'
lt_cv_prog_compiler_pic_CXX='-fno-common -DPIC'
lt_cv_prog_compiler_pic_works=yes
lt_cv_prog_compiler_pic_works_CXX=yes
lt_cv_prog_compiler_rtti_exceptions=yes
lt_cv_prog_compiler_static_works=no
lt_cv_prog_compiler_static_works_CXX=no
lt_cv_prog_gnu_ld=no
lt_cv_prog_gnu_ldcxx=no
lt_cv_sharedlib_from_linklib_cmd='printf %s\n'
lt_cv_sys_global_symbol_pipe='sed -n -e '\''s/^.*[	 ]\([BCDEGRST][BCDEGRST]*\)[	 ][	 ]*_\([_A-Za-z][_A-Za-z0-9]*\)$/\1 _\2 \2/p'\'' | sed '\''/ __gnu_lto/d'\'''
lt_cv_sys_global_symbol_to_c_name_address='sed -n -e '\''s/^: \(.*\) .*$/  {"\1", (void *) 0},/p'\'' -e '\''s/^[BCDEGRST][BCDEGRST]* .* \(.*\)$/  {"\1", (void *) \&\1},/p'\'''
lt_cv_sys_global_symbol_to_c_name_address_lib_prefix='sed -n -e '\''s/^: \(.*\) .*$/  {"\1", (void *) 0},/p'\'' -e '\''s/^[BCDEGRST][BCDEGRST]* .* \(lib.*\)$/  {"\1", (void *) \&\1},/p'\'' -e '\''s/^[BCDEGRST][BCDEGRST]* .* \(.*\)$/  {"lib\1", (void *) \&\1},/p'\'''
lt_cv_sys_global_symbol_to_cdecl='sed -n -e '\''s/^T .* \(.*\)$/extern int \1();/p'\'' -e '\''s/^[BCDEGRST][BCDEGRST]* .* \(.*\)$/extern char \1;/p'\'''
lt_cv_sys_global_symbol_to_import=
lt_cv_sys_max_cmd_len=196608
lt_cv_to_host_file_cmd=func_convert_file_noop
lt_cv_to_tool_file_cmd=func_convert_file_noop
lt_cv_truncate_bin='/bin/dd bs=4096 count=1'

## ----------------- ##
## Output variables. ##
## ----------------- ##

ACLOCAL='${SHELL} /Users/xmandy/Documents/protobuf-2.6.1/missing aclocal-1.16'
AMDEPBACKSLASH='\'
AMDEP_FALSE='#'
AMDEP_TRUE=''
AMTAR='$${TAR-tar}'
AM_BACKSLASH='\'
AM_DEFAULT_V='$(AM_DEFAULT_VERBOSITY)'
AM_DEFAULT_VERBOSITY='1'
AM_V='$(V)'
AR='ar'
AUTOCONF='${SHELL} /Users/xmandy/Documents/protobuf-2.6.1/missing autoconf'
AUTOHEADER='${SHELL} /Users/xmandy/Documents/protobuf-2.6.1/missing autoheader'
AUTOMAKE='${SHELL} /Users/xmandy/Documents/protobuf-2.6.1/missing automake-1.16'
AWK='awk'
CC='gcc'
CCDEPMODE='depmode=gcc3'
CFLAGS=''
CPPFLAGS=''
CXX='g++'
CXXCPP='g++ -E'
CXXDEPMODE='depmode=gcc3'
CXXFLAGS=' -g -DNDEBUG'
CYGPATH_W='echo'
DEFS='-DHAVE_CONFIG_H'
DEPDIR='.deps'
DLLTOOL='false'
DSYMUTIL='dsymutil'
DUMPBIN=''
ECHO_C='\c'
ECHO_N=''
ECHO_T=''
EGREP='/usr/bin/grep -E'
EXEEXT=''
FGREP='/usr/bin/grep -F'
GCC_FALSE='#'
GCC_TRUE=''
GREP='/usr/bin/grep'
HAVE_ZLIB_FALSE='#'
HAVE_ZLIB_TRUE=''
INSTALL_DATA='${INSTALL} -m 644'
INSTALL_PROGRAM='${INSTALL}'
INSTALL_SCRIPT='${INSTALL}'
INSTALL_STRIP_PROGRAM='$(install_sh) -c -s'
ISAINFO=''
LD='/Applications/Xcode.app/Contents/Developer/Toolchains/XcodeDefault.xctoolchain/usr/bin/ld'
LDFLAGS=''
LIBOBJS=''
LIBS='-lz '
LIBTOOL='$(SHELL) $(top_builddir)/libtool'
LIPO='lipo'
LN_S='ln -s'
LTLIBOBJS=''
LT_SYS_LIBRARY_PATH=''
MAINT=''
MAINTAINER_MODE_FALSE='#'
MAINTAINER_MODE_TRUE=''
MAKEINFO='${SHELL} /Users/xmandy/Documents/protobuf-2.6.1/missing makeinfo'
MANIFEST_TOOL=':'
MKDIR_P='./install-sh -c -d'
NM='/usr/bin/nm -B'
NMEDIT='nmedit'
OBJDUMP='objdump'
OBJEXT='o'
OTOOL64=':'
OTOOL='otool'
PACKAGE='protobuf'
PACKAGE_BUGREPORT='protobuf@googlegroups.com'
PACKAGE_NAME='Protocol Buffers'
PACKAGE_STRING='Protocol Buffers 2.6.1'
PACKAGE_TARNAME='protobuf'
PACKAGE_URL=''
PACKAGE_VERSION='2.6.1'
PATH_SEPARATOR=':'
POW_LIB=''
PROTOBUF_OPT_FLAG='-O2'
PROTOC=''
PTHREAD_CC='gcc'
PTHREAD_CFLAGS='-D_THREAD_SAFE '
PTHREAD_LIBS=''
RANLIB='ranlib'
SED='/usr/bin/sed'
SET_MAKE=''
SHELL='/bin/sh'
STRIP='strip'
USE_EXTERNAL_PROTOC_FALSE=''
USE_EXTERNAL_PROTOC_TRUE='#'
VERSION='2.6.1'
ac_ct_AR='ar'
ac_ct_CC='gcc'
ac_ct_CXX='g++'
ac_ct_DUMPBIN=''
acx_pthread_config=''
am__EXEEXT_FALSE=''
am__EXEEXT_TRUE='#'
am__fastdepCC_FALSE='#'
am__fastdepCC_TRUE=''
am__fastdepCXX_FALSE='#'
am__fastdepCXX_TRUE=''
am__include='include'
am__isrc=''
am__leading_dot='.'
am__nodep='_no'
am__quote=''
am__tar='$${TAR-tar} chof - "$$tardir"'
am__untar='$${TAR-tar} xf -'
bindir='${exec_prefix}/bin'
build='x86_64-apple-darwin18.0.0'
build_alias=''
build_cpu='x86_64'
build_os='darwin18.0.0'
build_vendor='apple'
datadir='${datarootdir}'
datarootdir='${prefix}/share'
docdir='${datarootdir}/doc/${PACKAGE_TARNAME}'
dvidir='${docdir}'
exec_prefix='${prefix}'
host='x86_64-apple-darwin18.0.0'
host_alias=''
host_cpu='x86_64'
host_os='darwin18.0.0'
host_vendor='apple'
htmldir='${docdir}'
includedir='${prefix}/include'
infodir='${datarootdir}/info'
install_sh='${SHELL} /Users/xmandy/Documents/protobuf-2.6.1/install-sh'
libdir='${exec_prefix}/lib'
libexecdir='${exec_prefix}/libexec'
localedir='${datarootdir}/locale'
localstatedir='${prefix}/var'
mandir='${datarootdir}/man'
mkdir_p='$(MKDIR_P)'
oldincludedir='/usr/include'
pdfdir='${docdir}'
prefix='/usr/local'
program_transform_name='s,x,x,'
psdir='${docdir}'
sbindir='${exec_prefix}/sbin'
sharedstatedir='${prefix}/com'
subdirs=' gtest'
sysconfdir='${prefix}/etc'
target='x86_64-apple-darwin18.0.0'
target_alias=''
target_cpu='x86_64'
target_os='darwin18.0.0'
target_vendor='apple'

## ----------- ##
## confdefs.h. ##
## ----------- ##

/* confdefs.h */
#define PACKAGE_NAME "Protocol Buffers"
#define PACKAGE_TARNAME "protobuf"
#define PACKAGE_VERSION "2.6.1"
#define PACKAGE_STRING "Protocol Buffers 2.6.1"
#define PACKAGE_BUGREPORT "protobuf@googlegroups.com"
#define PACKAGE_URL ""
#define PACKAGE "protobuf"
#define VERSION "2.6.1"
#define STDC_HEADERS 1
#define HAVE_SYS_TYPES_H 1
#define HAVE_SYS_STAT_H 1
#define HAVE_STDLIB_H 1
#define HAVE_STRING_H 1
#define HAVE_MEMORY_H 1
#define HAVE_STRINGS_H 1
#define HAVE_INTTYPES_H 1
#define HAVE_STDINT_H 1
#define HAVE_UNISTD_H 1
#define __EXTENSIONS__ 1
#define _ALL_SOURCE 1
#define _GNU_SOURCE 1
#define _POSIX_PTHREAD_SEMANTICS 1
#define _TANDEM_SOURCE 1
#define HAVE_DLFCN_H 1
#define LT_OBJDIR ".libs/"
#define STDC_HEADERS 1
#define HAVE_FCNTL_H 1
#define HAVE_INTTYPES_H 1
#define HAVE_LIMITS_H 1
#define HAVE_STDLIB_H 1
#define HAVE_UNISTD_H 1
#define HAVE_FTRUNCATE 1
#define HAVE_MEMSET 1
#define HAVE_MKDIR 1
#define HAVE_STRCHR 1
#define HAVE_STRERROR 1
#define HAVE_STRTOL 1
#define HAVE_ZLIB 1
#define HAVE_PTHREAD 1
#define HAVE_HASH_MAP 1
#define HAVE_HASH_SET 1
#define HASH_MAP_H <unordered_map>
#define HASH_SET_H <unordered_set>
#define HASH_NAMESPACE std
#define HASH_MAP_CLASS unordered_map
#define HASH_SET_CLASS unordered_set

configure: exit 0
